  ArrayGraph.cpp
  creat.cpp
  Graph.cpp
C:\Users\80716\Desktop\计算机网络\计算机网络\SeqList.h(7,12): error C3646: “list”: 未知重写说明符
C:\Users\80716\Desktop\计算机网络\计算机网络\SeqList.h(7,12): error C2143: 语法错误: 缺少“,”(在“[”的前面)
C:\Users\80716\Desktop\计算机网络\计算机网络\SeqList.h(7,16): error C2143: 语法错误: 缺少“)”(在“;”的前面)
C:\Users\80716\Desktop\计算机网络\计算机网络\SeqList.h(7,16): error C2238: 意外的标记位于“;”之前
C:\Users\80716\Desktop\计算机网络\计算机网络\SeqList.h(13,42): error C2061: 语法错误: 标识符“sever”
C:\Users\80716\Desktop\计算机网络\计算机网络\SeqList.h(14,41): error C2061: 语法错误: 标识符“sever”
C:\Users\80716\Desktop\计算机网络\计算机网络\SeqList.h(15,26): error C2061: 语法错误: 标识符“sever”
C:\Users\80716\Desktop\计算机网络\计算机网络\Graph.h(8,1): warning C4005: “INFINITY”: 宏重定义
D:\Windows Kits\10\Include\10.0.18362.0\ucrt\corecrt_math.h(90): message : 参见“INFINITY”的前一个定义
C:\Users\80716\Desktop\计算机网络\计算机网络\creat.h(7,9): error C2011: “A”:“class”类型重定义
C:\Users\80716\Desktop\计算机网络\计算机网络\creat.h(7): message : 参见“A”的声明
C:\Users\80716\Desktop\计算机网络\计算机网络\Graph.cpp(4,27): error C2512: “ArrayGraph”: 没有合适的默认构造函数可用
C:\Users\80716\Desktop\计算机网络\计算机网络\ArrayGraph.h(7,7): message : 参见“ArrayGraph”的声明
C:\Users\80716\Desktop\计算机网络\计算机网络\Graph.cpp(55,10): error C2086: “int j”: 重定义
  mian.cpp
C:\Users\80716\Desktop\计算机网络\计算机网络\Graph.cpp(22): message : 参见“j”的声明
C:\Users\80716\Desktop\计算机网络\计算机网络\SeqList.h(7,12): error C3646: “list”: 未知重写说明符
C:\Users\80716\Desktop\计算机网络\计算机网络\SeqList.h(7,12): error C2143: 语法错误: 缺少“,”(在“[”的前面)
C:\Users\80716\Desktop\计算机网络\计算机网络\SeqList.h(7,16): error C2143: 语法错误: 缺少“)”(在“;”的前面)
C:\Users\80716\Desktop\计算机网络\计算机网络\SeqList.h(7,16): error C2238: 意外的标记位于“;”之前
C:\Users\80716\Desktop\计算机网络\计算机网络\SeqList.h(13,42): error C2061: 语法错误: 标识符“sever”
C:\Users\80716\Desktop\计算机网络\计算机网络\SeqList.h(14,41): error C2061: 语法错误: 标识符“sever”
C:\Users\80716\Desktop\计算机网络\计算机网络\SeqList.h(15,26): error C2061: 语法错误: 标识符“sever”
C:\Users\80716\Desktop\计算机网络\计算机网络\creat.h(7,9): error C2011: “A”:“class”类型重定义
C:\Users\80716\Desktop\计算机网络\计算机网络\creat.h(7): message : 参见“A”的声明
C:\Users\80716\Desktop\计算机网络\计算机网络\Graph.h(8,1): warning C4005: “INFINITY”: 宏重定义
D:\Windows Kits\10\Include\10.0.18362.0\ucrt\corecrt_math.h(90): message : 参见“INFINITY”的前一个定义
C:\Users\80716\Desktop\计算机网络\计算机网络\mian.cpp(8,5): error C2079: “a”使用未定义的 class“A”
C:\Users\80716\Desktop\计算机网络\计算机网络\mian.cpp(37,3): error C2360: “c”的初始化操作由“case”标签跳过
C:\Users\80716\Desktop\计算机网络\计算机网络\mian.cpp(32): message : 参见“c”的声明
C:\Users\80716\Desktop\计算机网络\计算机网络\mian.cpp(37,3): error C2360: “b”的初始化操作由“case”标签跳过
C:\Users\80716\Desktop\计算机网络\计算机网络\mian.cpp(31): message : 参见“b”的声明
C:\Users\80716\Desktop\计算机网络\计算机网络\mian.cpp(40,3): error C2360: “c”的初始化操作由“case”标签跳过
C:\Users\80716\Desktop\计算机网络\计算机网络\mian.cpp(32): message : 参见“c”的声明
C:\Users\80716\Desktop\计算机网络\计算机网络\mian.cpp(40,3): error C2360: “b”的初始化操作由“case”标签跳过
C:\Users\80716\Desktop\计算机网络\计算机网络\mian.cpp(31): message : 参见“b”的声明
C:\Users\80716\Desktop\计算机网络\计算机网络\mian.cpp(43,3): error C2360: “c”的初始化操作由“case”标签跳过
C:\Users\80716\Desktop\计算机网络\计算机网络\mian.cpp(32): message : 参见“c”的声明
C:\Users\80716\Desktop\计算机网络\计算机网络\mian.cpp(43,3): error C2360: “b”的初始化操作由“case”标签跳过
C:\Users\80716\Desktop\计算机网络\计算机网络\mian.cpp(31): message : 参见“b”的声明
C:\Users\80716\Desktop\计算机网络\计算机网络\mian.cpp(45,3): error C2360: “c”的初始化操作由“case”标签跳过
C:\Users\80716\Desktop\计算机网络\计算机网络\mian.cpp(32): message : 参见“c”的声明
C:\Users\80716\Desktop\计算机网络\计算机网络\mian.cpp(45,3): error C2360: “b”的初始化操作由“case”标签跳过
C:\Users\80716\Desktop\计算机网络\计算机网络\mian.cpp(31): message : 参见“b”的声明
C:\Users\80716\Desktop\计算机网络\计算机网络\mian.cpp(48,3): error C2360: “c”的初始化操作由“case”标签跳过
C:\Users\80716\Desktop\计算机网络\计算机网络\mian.cpp(32): message : 参见“c”的声明
C:\Users\80716\Desktop\计算机网络\计算机网络\mian.cpp(48,3): error C2360: “b”的初始化操作由“case”标签跳过
  SeqList.cpp
C:\Users\80716\Desktop\计算机网络\计算机网络\mian.cpp(31): message : 参见“b”的声明
C:\Users\80716\Desktop\计算机网络\计算机网络\Graph.h(8,1): warning C4005: “INFINITY”: 宏重定义
D:\Windows Kits\10\Include\10.0.18362.0\ucrt\corecrt_math.h(90): message : 参见“INFINITY”的前一个定义
C:\Users\80716\Desktop\计算机网络\计算机网络\Graph.h(28,18): error C3646: “vertices”: 未知重写说明符
  正在生成代码...
C:\Users\80716\Desktop\计算机网络\计算机网络\Graph.h(28,18): error C4430: 缺少类型说明符 - 假定为 int。注意: C++ 不支持默认 int
